{"total": {"lines":{"total":200,"covered":179,"skipped":0,"pct":89.5},"statements":{"total":412,"covered":261,"skipped":0,"pct":63.35},"functions":{"total":70,"covered":47,"skipped":0,"pct":67.14},"branches":{"total":219,"covered":97,"skipped":0,"pct":44.29}}
,"/Users/agustin/projects/react-native-use-styles/src/core/cache.js": {"lines":{"total":43,"covered":43,"skipped":0,"pct":100},"functions":{"total":8,"covered":7,"skipped":0,"pct":87.5},"statements":{"total":63,"covered":55,"skipped":0,"pct":87.3},"branches":{"total":35,"covered":30,"skipped":0,"pct":85.71}}
,"/Users/agustin/projects/react-native-use-styles/src/core/index.js": {"lines":{"total":90,"covered":71,"skipped":0,"pct":78.89},"functions":{"total":31,"covered":18,"skipped":0,"pct":58.06},"statements":{"total":194,"covered":108,"skipped":0,"pct":55.67},"branches":{"total":110,"covered":43,"skipped":0,"pct":39.09}}
,"/Users/agustin/projects/react-native-use-styles/src/core/transformer.js": {"lines":{"total":41,"covered":40,"skipped":0,"pct":97.56},"functions":{"total":14,"covered":8,"skipped":0,"pct":57.14},"statements":{"total":102,"covered":54,"skipped":0,"pct":52.94},"branches":{"total":66,"covered":19,"skipped":0,"pct":28.79}}
,"/Users/agustin/projects/react-native-use-styles/src/utils/index.js": {"lines":{"total":26,"covered":25,"skipped":0,"pct":96.15},"functions":{"total":17,"covered":14,"skipped":0,"pct":82.35},"statements":{"total":53,"covered":44,"skipped":0,"pct":83.02},"branches":{"total":8,"covered":5,"skipped":0,"pct":62.5}}
}
