{"total": {"lines":{"total":211,"covered":190,"skipped":0,"pct":90.05},"statements":{"total":444,"covered":279,"skipped":0,"pct":62.84},"functions":{"total":74,"covered":49,"skipped":0,"pct":66.22},"branches":{"total":227,"covered":99,"skipped":0,"pct":43.61}}
,"/Users/agustin/projects/react-native-use-styles/src/core/aliasesDictionary.js": {"lines":{"total":3,"covered":3,"skipped":0,"pct":100},"functions":{"total":2,"covered":1,"skipped":0,"pct":50},"statements":{"total":13,"covered":6,"skipped":0,"pct":46.15},"branches":{"total":4,"covered":1,"skipped":0,"pct":25}}
,"/Users/agustin/projects/react-native-use-styles/src/core/globalCache.js": {"lines":{"total":45,"covered":45,"skipped":0,"pct":100},"functions":{"total":8,"covered":7,"skipped":0,"pct":87.5},"statements":{"total":65,"covered":57,"skipped":0,"pct":87.69},"branches":{"total":35,"covered":30,"skipped":0,"pct":85.71}}
,"/Users/agustin/projects/react-native-use-styles/src/core/pathTransform.js": {"lines":{"total":40,"covered":39,"skipped":0,"pct":97.5},"functions":{"total":14,"covered":8,"skipped":0,"pct":57.14},"statements":{"total":102,"covered":54,"skipped":0,"pct":52.94},"branches":{"total":66,"covered":19,"skipped":0,"pct":28.79}}
,"/Users/agustin/projects/react-native-use-styles/src/core/stylesDictionary.js": {"lines":{"total":3,"covered":3,"skipped":0,"pct":100},"functions":{"total":2,"covered":1,"skipped":0,"pct":50},"statements":{"total":13,"covered":6,"skipped":0,"pct":46.15},"branches":{"total":4,"covered":1,"skipped":0,"pct":25}}
,"/Users/agustin/projects/react-native-use-styles/src/core/stylesManager.js": {"lines":{"total":90,"covered":71,"skipped":0,"pct":78.89},"functions":{"total":31,"covered":18,"skipped":0,"pct":58.06},"statements":{"total":194,"covered":108,"skipped":0,"pct":55.67},"branches":{"total":110,"covered":43,"skipped":0,"pct":39.09}}
,"/Users/agustin/projects/react-native-use-styles/src/core/utils.js": {"lines":{"total":30,"covered":29,"skipped":0,"pct":96.67},"functions":{"total":17,"covered":14,"skipped":0,"pct":82.35},"statements":{"total":57,"covered":48,"skipped":0,"pct":84.21},"branches":{"total":8,"covered":5,"skipped":0,"pct":62.5}}
}
